[2018-07-14 07:53:28:487371360][http-nio-7500-exec-6] DEBUG b.svc.sample.RestControllerSample - 로그!!!!!!!!!!!!!!!!!!!!!
[2018-07-14 07:55:08:29945][http-nio-7500-exec-1] DEBUG b.svc.sample.RestControllerSample - ===========log==========
[2018-07-14 07:55:20:42124][http-nio-7500-exec-3] DEBUG b.svc.sample.RestControllerSample - ===========log aaaaaaaaa==========
[2018-07-14 07:55:26:48123][http-nio-7500-exec-4] DEBUG b.svc.sample.RestControllerSample - ===========log aaaaaaaaa==========
[2018-07-14 07:59:05:36075][http-nio-7500-exec-9] DEBUG b.svc.sample.RestControllerSample - ===========log aaaaaaaaa==========
[2018-07-14 07:59:10:40676][http-nio-7500-exec-8] DEBUG b.svc.sample.RestControllerSample - ===========log bbbbbbbbb==========
[2018-07-14 08:05:54:444413][http-nio-7500-exec-5] DEBUG b.svc.sample.RestControllerSample - ===========log bbbbbbbbb==========
[2018-07-14 08:43:48:132114][http-nio-7500-exec-8] DEBUG b.svc.sample.RestControllerSample - ===========log==========
[2018-07-14 08:44:16:160632][http-nio-7500-exec-1] DEBUG b.svc.sample.DataSendController - ===========log start========
[2018-07-14 08:44:16:160635][http-nio-7500-exec-1] DEBUG b.svc.sample.DataSendController - data1 : "값1"
[2018-07-14 08:44:16:160637][http-nio-7500-exec-1] DEBUG b.svc.sample.DataSendController - data2 : "값2"
[2018-07-14 08:44:16:160640][http-nio-7500-exec-1] DEBUG b.svc.sample.DataSendController - ===========log end==========
[2018-07-14 08:46:25:289153][http-nio-7500-exec-10] DEBUG b.svc.sample.DataSendController - ===========log start========
[2018-07-14 08:46:25:289154][http-nio-7500-exec-10] DEBUG b.svc.sample.DataSendController - data1 : "값1"
[2018-07-14 08:46:25:289156][http-nio-7500-exec-10] DEBUG b.svc.sample.DataSendController - data2 : "값2"
[2018-07-14 08:46:25:289157][http-nio-7500-exec-10] DEBUG b.svc.sample.DataSendController - ===========log end==========
[2018-07-14 08:47:18:26591][http-nio-7500-exec-10] DEBUG b.svc.sample.DataSendController - ===========log start========
[2018-07-14 08:47:18:26596][http-nio-7500-exec-10] DEBUG b.svc.sample.DataSendController - data1 : "값1"
[2018-07-14 08:47:18:26596][http-nio-7500-exec-10] DEBUG b.svc.sample.DataSendController - data2 : "값2"
[2018-07-14 08:47:18:26597][http-nio-7500-exec-10] DEBUG b.svc.sample.DataSendController - ===========log end==========
